<?xml version="1.0" encoding="UTF-8"?>
<!-- Generated by org.testng.reporters.JUnitReportReporter -->
<testsuite hostname="DESKTOP-864IKHP" failures="0" tests="4" name="api.test.UserTests" time="7.038" errors="0" timestamp="2024-04-28T20:46:33 IST" skipped="0">
  <testcase classname="api.test.UserTests" name="testPostUser" time="2.423"/>
  <testcase classname="api.test.UserTests" name="testGetUserByName" time="1.140"/>
  <testcase classname="api.test.UserTests" name="testUpdateUserByName" time="2.326"/>
  <testcase classname="api.test.UserTests" name="testDeleteUserByName" time="1.149"/>
</testsuite> <!-- api.test.UserTests -->
