<?xml version="1.0" encoding="UTF-8"?>
<!-- Generated by org.testng.reporters.JUnitReportReporter -->
<testsuite hostname="DESKTOP-864IKHP" failures="0" tests="6" name="api.test.DDTests" time="6.834" errors="0" timestamp="2024-04-28T20:46:33 IST" skipped="0">
  <testcase classname="api.test.DDTests" name="testPostuser" time="1.220"/>
  <testcase classname="api.test.DDTests" name="testPostuser" time="1.119"/>
  <testcase classname="api.test.DDTests" name="testPostuser" time="1.103"/>
  <testcase classname="api.test.DDTests" name="testDeleteUserByName" time="1.134"/>
  <testcase classname="api.test.DDTests" name="testDeleteUserByName" time="1.130"/>
  <testcase classname="api.test.DDTests" name="testDeleteUserByName" time="1.128"/>
</testsuite> <!-- api.test.DDTests -->
