<?xml version="1.0" encoding="UTF-8"?>
<!-- Generated by org.testng.reporters.JUnitReportReporter -->
<testsuite hostname="DESKTOP-864IKHP" failures="0" tests="6" name="api.test.DDTests" time="10.735" errors="0" timestamp="2024-04-29T10:58:02 IST" skipped="0">
  <testcase classname="api.test.DDTests" name="testPostuser" time="3.269"/>
  <testcase classname="api.test.DDTests" name="testPostuser" time="1.430"/>
  <testcase classname="api.test.DDTests" name="testPostuser" time="1.496"/>
  <testcase classname="api.test.DDTests" name="testDeleteUserByName" time="1.456"/>
  <testcase classname="api.test.DDTests" name="testDeleteUserByName" time="1.554"/>
  <testcase classname="api.test.DDTests" name="testDeleteUserByName" time="1.530"/>
</testsuite> <!-- api.test.DDTests -->
