<?xml version="1.0" encoding="UTF-8"?>
<!-- Generated by org.testng.reporters.JUnitReportReporter -->
<testsuite hostname="DESKTOP-864IKHP" failures="0" tests="4" name="api.test.UserTests" time="7.499" errors="0" timestamp="2024-04-29T10:58:02 IST" skipped="0">
  <testcase classname="api.test.UserTests" name="testPostUser" time="1.499"/>
  <testcase classname="api.test.UserTests" name="testGetUserByName" time="1.575"/>
  <testcase classname="api.test.UserTests" name="testUpdateUserByName" time="2.965"/>
  <testcase classname="api.test.UserTests" name="testDeleteUserByName" time="1.460"/>
</testsuite> <!-- api.test.UserTests -->
